<?xml version="1.0" encoding="utf-8"?><testsuites><testsuite name="pytest" errors="0" failures="0" skipped="0" tests="26" time="0.437" timestamp="2024-03-08T16:00:46.007336" hostname="fv-az975-941"><testcase classname="tests.test_asg_helper" name="test_validate_capacities_positive" time="0.001" /><testcase classname="tests.test_asg_helper" name="test_validate_capacities_negative" time="0.001" /><testcase classname="tests.test_asg_helper" name="test_validate_capacities_incompatible" time="0.000" /><testcase classname="tests.test_asg_helper" name="test_validate_capacities_equal" time="0.000" /><testcase classname="tests.test_asg_helper" name="test_update_asg_positive" time="0.001" /><testcase classname="tests.test_asg_helper" name="test_update_asg_negative" time="0.001" /><testcase classname="tests.test_asg_helper" name="test_update_asg_incompatible" time="0.001" /><testcase classname="tests.test_asg_helper" name="test_update_asg_equal" time="0.001" /><testcase classname="tests.test_asg_scaler" name="test_lambda_handler_codepipeline_success" time="0.001" /><testcase classname="tests.test_asg_scaler" name="test_lambda_handler_codepipeline_invalid_user_parameters" time="0.001" /><testcase classname="tests.test_asg_scaler" name="test_lambda_handler_codepipeline_missing_required_parameters" time="0.001" /><testcase classname="tests.test_asg_scaler" name="test_lambda_handler_codepipeline_update_failure" time="0.001" /><testcase classname="tests.test_asg_scaler" name="test_lambda_handler_eventbridge_success" time="0.001" /><testcase classname="tests.test_asg_scaler" name="test_lambda_handler_eventbridge_no_token" time="0.001" /><testcase classname="tests.test_codepipeline_event" name="test_report_job_success_success" time="0.001" /><testcase classname="tests.test_codepipeline_event" name="test_report_job_failure_exception" time="0.001" /><testcase classname="tests.test_codepipeline_event" name="test_approve_action_success" time="0.001" /><testcase classname="tests.test_codepipeline_event" name="test_approve_action_failure" time="0.001" /><testcase classname="tests.test_codepipeline_event" name="test_get_approval_token_success" time="0.002" /><testcase classname="tests.test_codepipeline_event" name="test_get_approval_token_no_token_available" time="0.001" /><testcase classname="tests.test_codepipeline_event" name="test_get_approval_token_api_exception" time="0.001" /><testcase classname="tests.test_codepipeline_event" name="test_find_action_in_stage_found" time="0.000" /><testcase classname="tests.test_codepipeline_event" name="test_find_action_in_stage_not_found" time="0.000" /><testcase classname="tests.test_codepipeline_event" name="test_extract_token_if_available_with_token" time="0.000" /><testcase classname="tests.test_codepipeline_event" name="test_extract_token_if_available_without_token" time="0.000" /><testcase classname="tests.test_codepipeline_event" name="test_extract_token_if_available_wrong_status" time="0.000" /></testsuite></testsuites>